<?xml version="1.0" encoding="utf-8"?>
<coverage line-rate="0.5315" branch-rate="0.875" version="1.9" timestamp="1636901298" lines-covered="59" lines-valid="111" branches-covered="14" branches-valid="16">
  <sources>
    <source>D:\Trainings\Payroll\60d500ba-6739-4d11-8cf4-ac4d9f21232e\PayrollService\</source>
  </sources>
  <packages>
    <package name="PayrollService" line-rate="0.5315" branch-rate="0.875" complexity="34">
      <classes>
        <class name="PayrollService.Program" filename="Program.cs" line-rate="0" branch-rate="0" complexity="3">
          <methods>
            <method name="Main" signature="(System.String[])" line-rate="0" branch-rate="1">
              <lines>
                <line number="14" hits="0" branch="False" />
                <line number="15" hits="0" branch="False" />
                <line number="16" hits="0" branch="False" />
                <line number="17" hits="0" branch="False" />
                <line number="18" hits="0" branch="False" />
                <line number="19" hits="0" branch="False" />
                <line number="22" hits="0" branch="False" />
                <line number="23" hits="0" branch="False" />
                <line number="24" hits="0" branch="False" />
                <line number="26" hits="0" branch="False" />
                <line number="27" hits="0" branch="False" />
                <line number="28" hits="0" branch="False" />
                <line number="29" hits="0" branch="False" />
                <line number="30" hits="0" branch="False" />
                <line number="31" hits="0" branch="False" />
                <line number="32" hits="0" branch="False" />
                <line number="33" hits="0" branch="False" />
                <line number="34" hits="0" branch="False" />
                <line number="35" hits="0" branch="False" />
                <line number="37" hits="0" branch="False" />
                <line number="38" hits="0" branch="False" />
                <line number="39" hits="0" branch="False" />
                <line number="40" hits="0" branch="False" />
                <line number="41" hits="0" branch="False" />
                <line number="43" hits="0" branch="False" />
                <line number="44" hits="0" branch="False" />
              </lines>
            </method>
            <method name="GeneratePaySlip" signature="(System.String)" line-rate="0" branch-rate="0">
              <lines>
                <line number="47" hits="0" branch="False" />
                <line number="48" hits="0" branch="False" />
                <line number="50" hits="0" branch="True" condition-coverage="0% (0/2)">
                  <conditions>
                    <condition number="21" type="jump" coverage="0%" />
                  </conditions>
                </line>
                <line number="51" hits="0" branch="False" />
                <line number="52" hits="0" branch="False" />
                <line number="55" hits="0" branch="False" />
                <line number="56" hits="0" branch="False" />
                <line number="58" hits="0" branch="False" />
                <line number="60" hits="0" branch="False" />
                <line number="61" hits="0" branch="False" />
                <line number="62" hits="0" branch="False" />
                <line number="63" hits="0" branch="False" />
                <line number="64" hits="0" branch="False" />
                <line number="65" hits="0" branch="False" />
                <line number="66" hits="0" branch="False" />
              </lines>
            </method>
          </methods>
          <lines>
            <line number="14" hits="0" branch="False" />
            <line number="15" hits="0" branch="False" />
            <line number="16" hits="0" branch="False" />
            <line number="17" hits="0" branch="False" />
            <line number="18" hits="0" branch="False" />
            <line number="19" hits="0" branch="False" />
            <line number="22" hits="0" branch="False" />
            <line number="23" hits="0" branch="False" />
            <line number="24" hits="0" branch="False" />
            <line number="26" hits="0" branch="False" />
            <line number="27" hits="0" branch="False" />
            <line number="28" hits="0" branch="False" />
            <line number="29" hits="0" branch="False" />
            <line number="30" hits="0" branch="False" />
            <line number="31" hits="0" branch="False" />
            <line number="32" hits="0" branch="False" />
            <line number="33" hits="0" branch="False" />
            <line number="34" hits="0" branch="False" />
            <line number="35" hits="0" branch="False" />
            <line number="37" hits="0" branch="False" />
            <line number="38" hits="0" branch="False" />
            <line number="39" hits="0" branch="False" />
            <line number="40" hits="0" branch="False" />
            <line number="41" hits="0" branch="False" />
            <line number="43" hits="0" branch="False" />
            <line number="44" hits="0" branch="False" />
            <line number="47" hits="0" branch="False" />
            <line number="48" hits="0" branch="False" />
            <line number="50" hits="0" branch="True" condition-coverage="0% (0/2)">
              <conditions>
                <condition number="21" type="jump" coverage="0%" />
              </conditions>
            </line>
            <line number="51" hits="0" branch="False" />
            <line number="52" hits="0" branch="False" />
            <line number="55" hits="0" branch="False" />
            <line number="56" hits="0" branch="False" />
            <line number="58" hits="0" branch="False" />
            <line number="60" hits="0" branch="False" />
            <line number="61" hits="0" branch="False" />
            <line number="62" hits="0" branch="False" />
            <line number="63" hits="0" branch="False" />
            <line number="64" hits="0" branch="False" />
            <line number="65" hits="0" branch="False" />
            <line number="66" hits="0" branch="False" />
          </lines>
        </class>
        <class name="PayrollService.Model.ValueObject.PaySlip" filename="Model\ValueObject\PaySlip.cs" line-rate="1" branch-rate="1" complexity="11">
          <methods>
            <method name="get_AnnualSalary" signature="()" line-rate="1" branch-rate="1">
              <lines>
                <line number="9" hits="83" branch="False" />
              </lines>
            </method>
            <method name="GrossMonthlyIncome" signature="()" line-rate="1" branch-rate="1">
              <lines>
                <line number="19" hits="6" branch="False" />
                <line number="20" hits="6" branch="False" />
                <line number="21" hits="6" branch="False" />
              </lines>
            </method>
            <method name="MonthlyIncomeTax" signature="()" line-rate="1" branch-rate="1">
              <lines>
                <line number="24" hits="10" branch="False" />
                <line number="25" hits="10" branch="False" />
                <line number="27" hits="96" branch="True" condition-coverage="100% (2/2)">
                  <conditions>
                    <condition number="77" type="jump" coverage="100%" />
                  </conditions>
                </line>
                <line number="28" hits="38" branch="False" />
                <line number="29" hits="38" branch="True" condition-coverage="100% (2/2)">
                  <conditions>
                    <condition number="51" type="jump" coverage="100%" />
                  </conditions>
                </line>
                <line number="30" hits="10" branch="False" />
                <line number="31" hits="28" branch="False" />
                <line number="32" hits="28" branch="False" />
                <line number="34" hits="10" branch="True" condition-coverage="100% (2/2)">
                  <conditions>
                    <condition number="102" type="jump" coverage="100%" />
                  </conditions>
                </line>
                <line number="35" hits="10" branch="False" />
              </lines>
            </method>
            <method name="LoadTaxSlabs" signature="()" line-rate="1" branch-rate="1">
              <lines>
                <line number="38" hits="11" branch="False" />
                <line number="41" hits="11" branch="False" />
                <line number="42" hits="11" branch="False" />
                <line number="43" hits="11" branch="False" />
                <line number="44" hits="11" branch="False" />
                <line number="45" hits="11" branch="False" />
                <line number="46" hits="11" branch="False" />
                <line number="47" hits="11" branch="False" />
              </lines>
            </method>
            <method name="NetMonthlyIncomeTax" signature="()" line-rate="1" branch-rate="1">
              <lines>
                <line number="50" hits="5" branch="False" />
                <line number="51" hits="5" branch="False" />
                <line number="52" hits="5" branch="False" />
              </lines>
            </method>
            <method name=".ctor" signature="(System.Double)" line-rate="1" branch-rate="1">
              <lines>
                <line number="11" hits="11" branch="False" />
                <line number="12" hits="11" branch="False" />
                <line number="13" hits="11" branch="False" />
                <line number="15" hits="11" branch="False" />
                <line number="16" hits="11" branch="False" />
              </lines>
            </method>
          </methods>
          <lines>
            <line number="9" hits="83" branch="False" />
            <line number="19" hits="6" branch="False" />
            <line number="20" hits="6" branch="False" />
            <line number="21" hits="6" branch="False" />
            <line number="24" hits="10" branch="False" />
            <line number="25" hits="10" branch="False" />
            <line number="27" hits="96" branch="True" condition-coverage="100% (2/2)">
              <conditions>
                <condition number="77" type="jump" coverage="100%" />
              </conditions>
            </line>
            <line number="28" hits="38" branch="False" />
            <line number="29" hits="38" branch="True" condition-coverage="100% (2/2)">
              <conditions>
                <condition number="51" type="jump" coverage="100%" />
              </conditions>
            </line>
            <line number="30" hits="10" branch="False" />
            <line number="31" hits="28" branch="False" />
            <line number="32" hits="28" branch="False" />
            <line number="34" hits="10" branch="True" condition-coverage="100% (2/2)">
              <conditions>
                <condition number="102" type="jump" coverage="100%" />
              </conditions>
            </line>
            <line number="35" hits="10" branch="False" />
            <line number="38" hits="11" branch="False" />
            <line number="41" hits="11" branch="False" />
            <line number="42" hits="11" branch="False" />
            <line number="43" hits="11" branch="False" />
            <line number="44" hits="11" branch="False" />
            <line number="45" hits="11" branch="False" />
            <line number="46" hits="11" branch="False" />
            <line number="47" hits="11" branch="False" />
            <line number="50" hits="5" branch="False" />
            <line number="51" hits="5" branch="False" />
            <line number="52" hits="5" branch="False" />
            <line number="11" hits="11" branch="False" />
            <line number="12" hits="11" branch="False" />
            <line number="13" hits="11" branch="False" />
            <line number="15" hits="11" branch="False" />
            <line number="16" hits="11" branch="False" />
          </lines>
        </class>
        <class name="PayrollService.Model.ValueObject.TaxSlab" filename="Model\ValueObject\TaxSlab.cs" line-rate="1" branch-rate="1" complexity="14">
          <methods>
            <method name="get_TaxableIncomeStartValue" signature="()" line-rate="1" branch-rate="1">
              <lines>
                <line number="7" hits="139" branch="False" />
              </lines>
            </method>
            <method name="get_TaxableIncomeEndValue" signature="()" line-rate="1" branch-rate="1">
              <lines>
                <line number="8" hits="102" branch="False" />
              </lines>
            </method>
            <method name="get_Tax" signature="()" line-rate="1" branch-rate="1">
              <lines>
                <line number="9" hits="96" branch="False" />
              </lines>
            </method>
            <method name="get_Taxable" signature="()" line-rate="1" branch-rate="1">
              <lines>
                <line number="10" hits="108" branch="False" />
              </lines>
            </method>
            <method name="TaxOnIncome" signature="(System.Double)" line-rate="1" branch-rate="1">
              <lines>
                <line number="22" hits="33" branch="False" />
                <line number="23" hits="33" branch="True" condition-coverage="100% (2/2)">
                  <conditions>
                    <condition number="12" type="jump" coverage="100%" />
                  </conditions>
                </line>
                <line number="24" hits="11" branch="False" />
                <line number="26" hits="22" branch="True" condition-coverage="100% (4/4)">
                  <conditions>
                    <condition number="32" type="jump" coverage="100%" />
                    <condition number="41" type="jump" coverage="100%" />
                  </conditions>
                </line>
                <line number="27" hits="33" branch="False" />
              </lines>
            </method>
            <method name="GetDescription" signature="()" line-rate="1" branch-rate="1">
              <lines>
                <line number="30" hits="5" branch="False" />
                <line number="31" hits="5" branch="True" condition-coverage="100% (2/2)">
                  <conditions>
                    <condition number="7" type="jump" coverage="100%" />
                  </conditions>
                </line>
                <line number="32" hits="5" branch="False" />
              </lines>
            </method>
            <method name="AboveTaxSlabStartValue" signature="(System.Double)" line-rate="1" branch-rate="1">
              <lines>
                <line number="35" hits="43" branch="False" />
                <line number="36" hits="43" branch="False" />
                <line number="37" hits="43" branch="False" />
              </lines>
            </method>
            <method name=".ctor" signature="(System.Double,System.Double,System.Int32,System.Boolean)" line-rate="1" branch-rate="1">
              <lines>
                <line number="5" hits="70" branch="False" />
                <line number="12" hits="70" branch="False" />
                <line number="13" hits="70" branch="False" />
                <line number="14" hits="70" branch="False" />
                <line number="15" hits="70" branch="False" />
                <line number="16" hits="70" branch="False" />
                <line number="17" hits="70" branch="False" />
                <line number="18" hits="70" branch="False" />
                <line number="19" hits="70" branch="False" />
              </lines>
            </method>
          </methods>
          <lines>
            <line number="7" hits="139" branch="False" />
            <line number="8" hits="102" branch="False" />
            <line number="9" hits="96" branch="False" />
            <line number="10" hits="108" branch="False" />
            <line number="22" hits="33" branch="False" />
            <line number="23" hits="33" branch="True" condition-coverage="100% (2/2)">
              <conditions>
                <condition number="12" type="jump" coverage="100%" />
              </conditions>
            </line>
            <line number="24" hits="11" branch="False" />
            <line number="26" hits="22" branch="True" condition-coverage="100% (4/4)">
              <conditions>
                <condition number="32" type="jump" coverage="100%" />
                <condition number="41" type="jump" coverage="100%" />
              </conditions>
            </line>
            <line number="27" hits="33" branch="False" />
            <line number="30" hits="5" branch="False" />
            <line number="31" hits="5" branch="True" condition-coverage="100% (2/2)">
              <conditions>
                <condition number="7" type="jump" coverage="100%" />
              </conditions>
            </line>
            <line number="32" hits="5" branch="False" />
            <line number="35" hits="43" branch="False" />
            <line number="36" hits="43" branch="False" />
            <line number="37" hits="43" branch="False" />
            <line number="5" hits="70" branch="False" />
            <line number="12" hits="70" branch="False" />
            <line number="13" hits="70" branch="False" />
            <line number="14" hits="70" branch="False" />
            <line number="15" hits="70" branch="False" />
            <line number="16" hits="70" branch="False" />
            <line number="17" hits="70" branch="False" />
            <line number="18" hits="70" branch="False" />
            <line number="19" hits="70" branch="False" />
          </lines>
        </class>
        <class name="PayrollService.Model.Exceptions.InvalidInputException" filename="Model\Exceptions\InvalidInputException.cs" line-rate="0" branch-rate="1" complexity="3">
          <methods>
            <method name=".ctor" signature="()" line-rate="0" branch-rate="1">
              <lines>
                <line number="7" hits="0" branch="False" />
                <line number="8" hits="0" branch="False" />
                <line number="9" hits="0" branch="False" />
              </lines>
            </method>
            <method name=".ctor" signature="(System.String)" line-rate="0" branch-rate="1">
              <lines>
                <line number="11" hits="0" branch="False" />
                <line number="12" hits="0" branch="False" />
                <line number="13" hits="0" branch="False" />
              </lines>
            </method>
            <method name=".ctor" signature="(System.String,System.Exception)" line-rate="0" branch-rate="1">
              <lines>
                <line number="15" hits="0" branch="False" />
                <line number="16" hits="0" branch="False" />
                <line number="17" hits="0" branch="False" />
              </lines>
            </method>
          </methods>
          <lines>
            <line number="7" hits="0" branch="False" />
            <line number="8" hits="0" branch="False" />
            <line number="9" hits="0" branch="False" />
            <line number="11" hits="0" branch="False" />
            <line number="12" hits="0" branch="False" />
            <line number="13" hits="0" branch="False" />
            <line number="15" hits="0" branch="False" />
            <line number="16" hits="0" branch="False" />
            <line number="17" hits="0" branch="False" />
          </lines>
        </class>
        <class name="PayrollService.Model.Entity.EmployeePaySlip" filename="Model\Entity\EmployeePaySlip.cs" line-rate="0.7142000000000001" branch-rate="1" complexity="3">
          <methods>
            <method name="get_EmployeeID" signature="()" line-rate="0" branch-rate="1">
              <lines>
                <line number="8" hits="0" branch="False" />
              </lines>
            </method>
            <method name="get_FullName" signature="()" line-rate="0" branch-rate="1">
              <lines>
                <line number="9" hits="0" branch="False" />
              </lines>
            </method>
            <method name=".ctor" signature="(System.String,System.Double)" line-rate="1" branch-rate="1">
              <lines>
                <line number="11" hits="11" branch="False" />
                <line number="12" hits="11" branch="False" />
                <line number="13" hits="11" branch="False" />
                <line number="14" hits="11" branch="False" />
                <line number="15" hits="11" branch="False" />
              </lines>
            </method>
          </methods>
          <lines>
            <line number="8" hits="0" branch="False" />
            <line number="9" hits="0" branch="False" />
            <line number="11" hits="11" branch="False" />
            <line number="12" hits="11" branch="False" />
            <line number="13" hits="11" branch="False" />
            <line number="14" hits="11" branch="False" />
            <line number="15" hits="11" branch="False" />
          </lines>
        </class>
      </classes>
    </package>
  </packages>
</coverage>